<?xml version="1.0" encoding="UTF-8"?>
<<<<<<< HEAD
<testsuite name="GameTest" tests="5" skipped="0" failures="0" errors="0" timestamp="2020-01-06T15:04:37" hostname="LAPTOP-1KLMQELM" time="0.027">
  <properties/>
  <testcase name="checkOneMove" classname="GameTest" time="0.014"/>
  <testcase name="isEmptyBoard10" classname="GameTest" time="0.0"/>
  <testcase name="isEmptyBoard8" classname="GameTest" time="0.0"/>
  <testcase name="whenXOutsideBoardThenOutOfBoundsException" classname="GameTest" time="0.006"/>
  <testcase name="whenYOutsideBoardThenOutOfBoundsException" classname="GameTest" time="0.004"/>
  <system-out><![CDATA[11 is out of bound!
11 is out of bound!
=======
<testsuite name="GameTest" tests="5" skipped="0" failures="5" errors="0" timestamp="2020-01-06T15:02:39" hostname="cli233-35.wireless-s.units.it" time="0.016">
  <properties/>
  <testcase name="checkOneMove" classname="GameTest" time="0.01">
    <failure message="java.lang.AssertionError: &#10;Expected: is &quot;|W|_|_|_|_|_|_|_|_|_|\n|_|_|_|_|_|_|_|_|_|_|\n|_|_|_|_|_|_|_|_|_|_|\n|_|_|_|_|_|_|_|_|_|_|\n|_|_|_|_|_|_|_|_|_|_|\n|_|_|_|_|_|_|_|_|_|_|\n|_|_|_|_|_|_|_|_|_|_|\n|_|_|_|_|_|_|_|_|_|_|\n|_|_|_|_|_|_|_|_|_|_|\n|_|_|_|_|_|_|_|_|_|_|&quot;&#10;     but: was &quot;W|_|_|_|_|_|_|_|_|_\n_|_|_|_|_|_|_|_|_|_\n_|_|_|_|_|_|_|_|_|_\n_|_|_|_|_|_|_|_|_|_\n_|_|_|_|_|_|_|_|_|_\n_|_|_|_|_|_|_|_|_|_\n_|_|_|_|_|_|_|_|_|_\n_|_|_|_|_|_|_|_|_|_\n_|_|_|_|_|_|_|_|_|_\n_|_|_|_|_|_|_|_|_|_&quot;" type="java.lang.AssertionError">java.lang.AssertionError: 
Expected: is &quot;|W|_|_|_|_|_|_|_|_|_|\n|_|_|_|_|_|_|_|_|_|_|\n|_|_|_|_|_|_|_|_|_|_|\n|_|_|_|_|_|_|_|_|_|_|\n|_|_|_|_|_|_|_|_|_|_|\n|_|_|_|_|_|_|_|_|_|_|\n|_|_|_|_|_|_|_|_|_|_|\n|_|_|_|_|_|_|_|_|_|_|\n|_|_|_|_|_|_|_|_|_|_|\n|_|_|_|_|_|_|_|_|_|_|&quot;
     but: was &quot;W|_|_|_|_|_|_|_|_|_\n_|_|_|_|_|_|_|_|_|_\n_|_|_|_|_|_|_|_|_|_\n_|_|_|_|_|_|_|_|_|_\n_|_|_|_|_|_|_|_|_|_\n_|_|_|_|_|_|_|_|_|_\n_|_|_|_|_|_|_|_|_|_\n_|_|_|_|_|_|_|_|_|_\n_|_|_|_|_|_|_|_|_|_\n_|_|_|_|_|_|_|_|_|_&quot;
	at org.hamcrest.MatcherAssert.assertThat(MatcherAssert.java:20)
	at org.junit.Assert.assertThat(Assert.java:956)
	at org.junit.Assert.assertThat(Assert.java:923)
	at GameTest.checkOneMove(GameTest.java:77)
	at java.base/jdk.internal.reflect.NativeMethodAccessorImpl.invoke0(Native Method)
	at java.base/jdk.internal.reflect.NativeMethodAccessorImpl.invoke(NativeMethodAccessorImpl.java:62)
	at java.base/jdk.internal.reflect.DelegatingMethodAccessorImpl.invoke(DelegatingMethodAccessorImpl.java:43)
	at java.base/java.lang.reflect.Method.invoke(Method.java:566)
	at org.junit.runners.model.FrameworkMethod$1.runReflectiveCall(FrameworkMethod.java:50)
	at org.junit.internal.runners.model.ReflectiveCallable.run(ReflectiveCallable.java:12)
	at org.junit.runners.model.FrameworkMethod.invokeExplosively(FrameworkMethod.java:47)
	at org.junit.internal.runners.statements.InvokeMethod.evaluate(InvokeMethod.java:17)
	at org.junit.internal.runners.statements.RunBefores.evaluate(RunBefores.java:26)
	at org.junit.runners.ParentRunner.runLeaf(ParentRunner.java:325)
	at org.junit.runners.BlockJUnit4ClassRunner.runChild(BlockJUnit4ClassRunner.java:78)
	at org.junit.runners.BlockJUnit4ClassRunner.runChild(BlockJUnit4ClassRunner.java:57)
	at org.junit.runners.ParentRunner$3.run(ParentRunner.java:290)
	at org.junit.runners.ParentRunner$1.schedule(ParentRunner.java:71)
	at org.junit.runners.ParentRunner.runChildren(ParentRunner.java:288)
	at org.junit.runners.ParentRunner.access$000(ParentRunner.java:58)
	at org.junit.runners.ParentRunner$2.evaluate(ParentRunner.java:268)
	at org.junit.runners.ParentRunner.run(ParentRunner.java:363)
	at org.gradle.api.internal.tasks.testing.junit.JUnitTestClassExecutor.runTestClass(JUnitTestClassExecutor.java:110)
	at org.gradle.api.internal.tasks.testing.junit.JUnitTestClassExecutor.execute(JUnitTestClassExecutor.java:58)
	at org.gradle.api.internal.tasks.testing.junit.JUnitTestClassExecutor.execute(JUnitTestClassExecutor.java:38)
	at org.gradle.api.internal.tasks.testing.junit.AbstractJUnitTestClassProcessor.processTestClass(AbstractJUnitTestClassProcessor.java:62)
	at org.gradle.api.internal.tasks.testing.SuiteTestClassProcessor.processTestClass(SuiteTestClassProcessor.java:51)
	at java.base/jdk.internal.reflect.NativeMethodAccessorImpl.invoke0(Native Method)
	at java.base/jdk.internal.reflect.NativeMethodAccessorImpl.invoke(NativeMethodAccessorImpl.java:62)
	at java.base/jdk.internal.reflect.DelegatingMethodAccessorImpl.invoke(DelegatingMethodAccessorImpl.java:43)
	at java.base/java.lang.reflect.Method.invoke(Method.java:566)
	at org.gradle.internal.dispatch.ReflectionDispatch.dispatch(ReflectionDispatch.java:35)
	at org.gradle.internal.dispatch.ReflectionDispatch.dispatch(ReflectionDispatch.java:24)
	at org.gradle.internal.dispatch.ContextClassLoaderDispatch.dispatch(ContextClassLoaderDispatch.java:32)
	at org.gradle.internal.dispatch.ProxyDispatchAdapter$DispatchingInvocationHandler.invoke(ProxyDispatchAdapter.java:93)
	at com.sun.proxy.$Proxy2.processTestClass(Unknown Source)
	at org.gradle.api.internal.tasks.testing.worker.TestWorker.processTestClass(TestWorker.java:118)
	at java.base/jdk.internal.reflect.NativeMethodAccessorImpl.invoke0(Native Method)
	at java.base/jdk.internal.reflect.NativeMethodAccessorImpl.invoke(NativeMethodAccessorImpl.java:62)
	at java.base/jdk.internal.reflect.DelegatingMethodAccessorImpl.invoke(DelegatingMethodAccessorImpl.java:43)
	at java.base/java.lang.reflect.Method.invoke(Method.java:566)
	at org.gradle.internal.dispatch.ReflectionDispatch.dispatch(ReflectionDispatch.java:35)
	at org.gradle.internal.dispatch.ReflectionDispatch.dispatch(ReflectionDispatch.java:24)
	at org.gradle.internal.remote.internal.hub.MessageHubBackedObjectConnection$DispatchWrapper.dispatch(MessageHubBackedObjectConnection.java:175)
	at org.gradle.internal.remote.internal.hub.MessageHubBackedObjectConnection$DispatchWrapper.dispatch(MessageHubBackedObjectConnection.java:157)
	at org.gradle.internal.remote.internal.hub.MessageHub$Handler.run(MessageHub.java:404)
	at org.gradle.internal.concurrent.ExecutorPolicy$CatchAndRecordFailures.onExecute(ExecutorPolicy.java:63)
	at org.gradle.internal.concurrent.ManagedExecutorImpl$1.run(ManagedExecutorImpl.java:46)
	at java.base/java.util.concurrent.ThreadPoolExecutor.runWorker(ThreadPoolExecutor.java:1128)
	at java.base/java.util.concurrent.ThreadPoolExecutor$Worker.run(ThreadPoolExecutor.java:628)
	at org.gradle.internal.concurrent.ThreadFactoryImpl$ManagedThreadRunnable.run(ThreadFactoryImpl.java:55)
	at java.base/java.lang.Thread.run(Thread.java:834)
</failure>
  </testcase>
  <testcase name="whenXOutsideBoardThenOutOfBoundsException" classname="GameTest" time="0.003">
    <failure message="java.lang.AssertionError: &#10;Expected: is &quot;|_|_|_|_|_|_|_|_|_|_|\n|_|_|_|_|_|_|_|_|_|_|\n|_|_|_|_|_|_|_|_|_|_|\n|_|_|_|_|_|_|_|_|_|_|\n|_|_|_|_|_|_|_|_|_|_|\n|_|_|_|_|_|_|_|_|_|_|\n|_|_|_|_|_|_|_|_|_|_|\n|_|_|_|_|_|_|_|_|_|_|\n|_|_|_|_|_|_|_|_|_|_|\n|_|_|_|_|_|_|_|_|_|_|&quot;&#10;     but: was &quot;_|_|_|_|_|_|_|_|_|_\n_|_|_|_|_|_|_|_|_|_\n_|_|_|_|_|_|_|_|_|_\n_|_|_|_|_|_|_|_|_|_\n_|_|_|_|_|_|_|_|_|_\n_|_|_|_|_|_|_|_|_|_\n_|_|_|_|_|_|_|_|_|_\n_|_|_|_|_|_|_|_|_|_\n_|_|_|_|_|_|_|_|_|_\n_|_|_|_|_|_|_|_|_|_&quot;" type="java.lang.AssertionError">java.lang.AssertionError: 
Expected: is &quot;|_|_|_|_|_|_|_|_|_|_|\n|_|_|_|_|_|_|_|_|_|_|\n|_|_|_|_|_|_|_|_|_|_|\n|_|_|_|_|_|_|_|_|_|_|\n|_|_|_|_|_|_|_|_|_|_|\n|_|_|_|_|_|_|_|_|_|_|\n|_|_|_|_|_|_|_|_|_|_|\n|_|_|_|_|_|_|_|_|_|_|\n|_|_|_|_|_|_|_|_|_|_|\n|_|_|_|_|_|_|_|_|_|_|&quot;
     but: was &quot;_|_|_|_|_|_|_|_|_|_\n_|_|_|_|_|_|_|_|_|_\n_|_|_|_|_|_|_|_|_|_\n_|_|_|_|_|_|_|_|_|_\n_|_|_|_|_|_|_|_|_|_\n_|_|_|_|_|_|_|_|_|_\n_|_|_|_|_|_|_|_|_|_\n_|_|_|_|_|_|_|_|_|_\n_|_|_|_|_|_|_|_|_|_\n_|_|_|_|_|_|_|_|_|_&quot;
	at org.hamcrest.MatcherAssert.assertThat(MatcherAssert.java:20)
	at org.junit.Assert.assertThat(Assert.java:956)
	at org.junit.Assert.assertThat(Assert.java:923)
	at GameTest.whenXOutsideBoardThenOutOfBoundsException(GameTest.java:65)
	at java.base/jdk.internal.reflect.NativeMethodAccessorImpl.invoke0(Native Method)
	at java.base/jdk.internal.reflect.NativeMethodAccessorImpl.invoke(NativeMethodAccessorImpl.java:62)
	at java.base/jdk.internal.reflect.DelegatingMethodAccessorImpl.invoke(DelegatingMethodAccessorImpl.java:43)
	at java.base/java.lang.reflect.Method.invoke(Method.java:566)
	at org.junit.runners.model.FrameworkMethod$1.runReflectiveCall(FrameworkMethod.java:50)
	at org.junit.internal.runners.model.ReflectiveCallable.run(ReflectiveCallable.java:12)
	at org.junit.runners.model.FrameworkMethod.invokeExplosively(FrameworkMethod.java:47)
	at org.junit.internal.runners.statements.InvokeMethod.evaluate(InvokeMethod.java:17)
	at org.junit.internal.runners.statements.RunBefores.evaluate(RunBefores.java:26)
	at org.junit.runners.ParentRunner.runLeaf(ParentRunner.java:325)
	at org.junit.runners.BlockJUnit4ClassRunner.runChild(BlockJUnit4ClassRunner.java:78)
	at org.junit.runners.BlockJUnit4ClassRunner.runChild(BlockJUnit4ClassRunner.java:57)
	at org.junit.runners.ParentRunner$3.run(ParentRunner.java:290)
	at org.junit.runners.ParentRunner$1.schedule(ParentRunner.java:71)
	at org.junit.runners.ParentRunner.runChildren(ParentRunner.java:288)
	at org.junit.runners.ParentRunner.access$000(ParentRunner.java:58)
	at org.junit.runners.ParentRunner$2.evaluate(ParentRunner.java:268)
	at org.junit.runners.ParentRunner.run(ParentRunner.java:363)
	at org.gradle.api.internal.tasks.testing.junit.JUnitTestClassExecutor.runTestClass(JUnitTestClassExecutor.java:110)
	at org.gradle.api.internal.tasks.testing.junit.JUnitTestClassExecutor.execute(JUnitTestClassExecutor.java:58)
	at org.gradle.api.internal.tasks.testing.junit.JUnitTestClassExecutor.execute(JUnitTestClassExecutor.java:38)
	at org.gradle.api.internal.tasks.testing.junit.AbstractJUnitTestClassProcessor.processTestClass(AbstractJUnitTestClassProcessor.java:62)
	at org.gradle.api.internal.tasks.testing.SuiteTestClassProcessor.processTestClass(SuiteTestClassProcessor.java:51)
	at java.base/jdk.internal.reflect.NativeMethodAccessorImpl.invoke0(Native Method)
	at java.base/jdk.internal.reflect.NativeMethodAccessorImpl.invoke(NativeMethodAccessorImpl.java:62)
	at java.base/jdk.internal.reflect.DelegatingMethodAccessorImpl.invoke(DelegatingMethodAccessorImpl.java:43)
	at java.base/java.lang.reflect.Method.invoke(Method.java:566)
	at org.gradle.internal.dispatch.ReflectionDispatch.dispatch(ReflectionDispatch.java:35)
	at org.gradle.internal.dispatch.ReflectionDispatch.dispatch(ReflectionDispatch.java:24)
	at org.gradle.internal.dispatch.ContextClassLoaderDispatch.dispatch(ContextClassLoaderDispatch.java:32)
	at org.gradle.internal.dispatch.ProxyDispatchAdapter$DispatchingInvocationHandler.invoke(ProxyDispatchAdapter.java:93)
	at com.sun.proxy.$Proxy2.processTestClass(Unknown Source)
	at org.gradle.api.internal.tasks.testing.worker.TestWorker.processTestClass(TestWorker.java:118)
	at java.base/jdk.internal.reflect.NativeMethodAccessorImpl.invoke0(Native Method)
	at java.base/jdk.internal.reflect.NativeMethodAccessorImpl.invoke(NativeMethodAccessorImpl.java:62)
	at java.base/jdk.internal.reflect.DelegatingMethodAccessorImpl.invoke(DelegatingMethodAccessorImpl.java:43)
	at java.base/java.lang.reflect.Method.invoke(Method.java:566)
	at org.gradle.internal.dispatch.ReflectionDispatch.dispatch(ReflectionDispatch.java:35)
	at org.gradle.internal.dispatch.ReflectionDispatch.dispatch(ReflectionDispatch.java:24)
	at org.gradle.internal.remote.internal.hub.MessageHubBackedObjectConnection$DispatchWrapper.dispatch(MessageHubBackedObjectConnection.java:175)
	at org.gradle.internal.remote.internal.hub.MessageHubBackedObjectConnection$DispatchWrapper.dispatch(MessageHubBackedObjectConnection.java:157)
	at org.gradle.internal.remote.internal.hub.MessageHub$Handler.run(MessageHub.java:404)
	at org.gradle.internal.concurrent.ExecutorPolicy$CatchAndRecordFailures.onExecute(ExecutorPolicy.java:63)
	at org.gradle.internal.concurrent.ManagedExecutorImpl$1.run(ManagedExecutorImpl.java:46)
	at java.base/java.util.concurrent.ThreadPoolExecutor.runWorker(ThreadPoolExecutor.java:1128)
	at java.base/java.util.concurrent.ThreadPoolExecutor$Worker.run(ThreadPoolExecutor.java:628)
	at org.gradle.internal.concurrent.ThreadFactoryImpl$ManagedThreadRunnable.run(ThreadFactoryImpl.java:55)
	at java.base/java.lang.Thread.run(Thread.java:834)
</failure>
  </testcase>
  <testcase name="whenYOutsideBoardThenOutOfBoundsException" classname="GameTest" time="0.001">
    <failure message="java.lang.AssertionError: &#10;Expected: is &quot;|_|_|_|_|_|_|_|_|_|_|\n|_|_|_|_|_|_|_|_|_|_|\n|_|_|_|_|_|_|_|_|_|_|\n|_|_|_|_|_|_|_|_|_|_|\n|_|_|_|_|_|_|_|_|_|_|\n|_|_|_|_|_|_|_|_|_|_|\n|_|_|_|_|_|_|_|_|_|_|\n|_|_|_|_|_|_|_|_|_|_|\n|_|_|_|_|_|_|_|_|_|_|\n|_|_|_|_|_|_|_|_|_|_|&quot;&#10;     but: was &quot;_|_|_|_|_|_|_|_|_|_\n_|_|_|_|_|_|_|_|_|_\n_|_|_|_|_|_|_|_|_|_\n_|_|_|_|_|_|_|_|_|_\n_|_|_|_|_|_|_|_|_|_\n_|_|_|_|_|_|_|_|_|_\n_|_|_|_|_|_|_|_|_|_\n_|_|_|_|_|_|_|_|_|_\n_|_|_|_|_|_|_|_|_|_\n_|_|_|_|_|_|_|_|_|_&quot;" type="java.lang.AssertionError">java.lang.AssertionError: 
Expected: is &quot;|_|_|_|_|_|_|_|_|_|_|\n|_|_|_|_|_|_|_|_|_|_|\n|_|_|_|_|_|_|_|_|_|_|\n|_|_|_|_|_|_|_|_|_|_|\n|_|_|_|_|_|_|_|_|_|_|\n|_|_|_|_|_|_|_|_|_|_|\n|_|_|_|_|_|_|_|_|_|_|\n|_|_|_|_|_|_|_|_|_|_|\n|_|_|_|_|_|_|_|_|_|_|\n|_|_|_|_|_|_|_|_|_|_|&quot;
     but: was &quot;_|_|_|_|_|_|_|_|_|_\n_|_|_|_|_|_|_|_|_|_\n_|_|_|_|_|_|_|_|_|_\n_|_|_|_|_|_|_|_|_|_\n_|_|_|_|_|_|_|_|_|_\n_|_|_|_|_|_|_|_|_|_\n_|_|_|_|_|_|_|_|_|_\n_|_|_|_|_|_|_|_|_|_\n_|_|_|_|_|_|_|_|_|_\n_|_|_|_|_|_|_|_|_|_&quot;
	at org.hamcrest.MatcherAssert.assertThat(MatcherAssert.java:20)
	at org.junit.Assert.assertThat(Assert.java:956)
	at org.junit.Assert.assertThat(Assert.java:923)
	at GameTest.whenYOutsideBoardThenOutOfBoundsException(GameTest.java:71)
	at java.base/jdk.internal.reflect.NativeMethodAccessorImpl.invoke0(Native Method)
	at java.base/jdk.internal.reflect.NativeMethodAccessorImpl.invoke(NativeMethodAccessorImpl.java:62)
	at java.base/jdk.internal.reflect.DelegatingMethodAccessorImpl.invoke(DelegatingMethodAccessorImpl.java:43)
	at java.base/java.lang.reflect.Method.invoke(Method.java:566)
	at org.junit.runners.model.FrameworkMethod$1.runReflectiveCall(FrameworkMethod.java:50)
	at org.junit.internal.runners.model.ReflectiveCallable.run(ReflectiveCallable.java:12)
	at org.junit.runners.model.FrameworkMethod.invokeExplosively(FrameworkMethod.java:47)
	at org.junit.internal.runners.statements.InvokeMethod.evaluate(InvokeMethod.java:17)
	at org.junit.internal.runners.statements.RunBefores.evaluate(RunBefores.java:26)
	at org.junit.runners.ParentRunner.runLeaf(ParentRunner.java:325)
	at org.junit.runners.BlockJUnit4ClassRunner.runChild(BlockJUnit4ClassRunner.java:78)
	at org.junit.runners.BlockJUnit4ClassRunner.runChild(BlockJUnit4ClassRunner.java:57)
	at org.junit.runners.ParentRunner$3.run(ParentRunner.java:290)
	at org.junit.runners.ParentRunner$1.schedule(ParentRunner.java:71)
	at org.junit.runners.ParentRunner.runChildren(ParentRunner.java:288)
	at org.junit.runners.ParentRunner.access$000(ParentRunner.java:58)
	at org.junit.runners.ParentRunner$2.evaluate(ParentRunner.java:268)
	at org.junit.runners.ParentRunner.run(ParentRunner.java:363)
	at org.gradle.api.internal.tasks.testing.junit.JUnitTestClassExecutor.runTestClass(JUnitTestClassExecutor.java:110)
	at org.gradle.api.internal.tasks.testing.junit.JUnitTestClassExecutor.execute(JUnitTestClassExecutor.java:58)
	at org.gradle.api.internal.tasks.testing.junit.JUnitTestClassExecutor.execute(JUnitTestClassExecutor.java:38)
	at org.gradle.api.internal.tasks.testing.junit.AbstractJUnitTestClassProcessor.processTestClass(AbstractJUnitTestClassProcessor.java:62)
	at org.gradle.api.internal.tasks.testing.SuiteTestClassProcessor.processTestClass(SuiteTestClassProcessor.java:51)
	at java.base/jdk.internal.reflect.NativeMethodAccessorImpl.invoke0(Native Method)
	at java.base/jdk.internal.reflect.NativeMethodAccessorImpl.invoke(NativeMethodAccessorImpl.java:62)
	at java.base/jdk.internal.reflect.DelegatingMethodAccessorImpl.invoke(DelegatingMethodAccessorImpl.java:43)
	at java.base/java.lang.reflect.Method.invoke(Method.java:566)
	at org.gradle.internal.dispatch.ReflectionDispatch.dispatch(ReflectionDispatch.java:35)
	at org.gradle.internal.dispatch.ReflectionDispatch.dispatch(ReflectionDispatch.java:24)
	at org.gradle.internal.dispatch.ContextClassLoaderDispatch.dispatch(ContextClassLoaderDispatch.java:32)
	at org.gradle.internal.dispatch.ProxyDispatchAdapter$DispatchingInvocationHandler.invoke(ProxyDispatchAdapter.java:93)
	at com.sun.proxy.$Proxy2.processTestClass(Unknown Source)
	at org.gradle.api.internal.tasks.testing.worker.TestWorker.processTestClass(TestWorker.java:118)
	at java.base/jdk.internal.reflect.NativeMethodAccessorImpl.invoke0(Native Method)
	at java.base/jdk.internal.reflect.NativeMethodAccessorImpl.invoke(NativeMethodAccessorImpl.java:62)
	at java.base/jdk.internal.reflect.DelegatingMethodAccessorImpl.invoke(DelegatingMethodAccessorImpl.java:43)
	at java.base/java.lang.reflect.Method.invoke(Method.java:566)
	at org.gradle.internal.dispatch.ReflectionDispatch.dispatch(ReflectionDispatch.java:35)
	at org.gradle.internal.dispatch.ReflectionDispatch.dispatch(ReflectionDispatch.java:24)
	at org.gradle.internal.remote.internal.hub.MessageHubBackedObjectConnection$DispatchWrapper.dispatch(MessageHubBackedObjectConnection.java:175)
	at org.gradle.internal.remote.internal.hub.MessageHubBackedObjectConnection$DispatchWrapper.dispatch(MessageHubBackedObjectConnection.java:157)
	at org.gradle.internal.remote.internal.hub.MessageHub$Handler.run(MessageHub.java:404)
	at org.gradle.internal.concurrent.ExecutorPolicy$CatchAndRecordFailures.onExecute(ExecutorPolicy.java:63)
	at org.gradle.internal.concurrent.ManagedExecutorImpl$1.run(ManagedExecutorImpl.java:46)
	at java.base/java.util.concurrent.ThreadPoolExecutor.runWorker(ThreadPoolExecutor.java:1128)
	at java.base/java.util.concurrent.ThreadPoolExecutor$Worker.run(ThreadPoolExecutor.java:628)
	at org.gradle.internal.concurrent.ThreadFactoryImpl$ManagedThreadRunnable.run(ThreadFactoryImpl.java:55)
	at java.base/java.lang.Thread.run(Thread.java:834)
</failure>
  </testcase>
  <testcase name="isSizeEightBoardEmpty" classname="GameTest" time="0.0">
    <failure message="java.lang.AssertionError: &#10;Expected: is &quot;|_|_|_|_|_|_|_|_|\n|_|_|_|_|_|_|_|_|\n|_|_|_|_|_|_|_|_|\n|_|_|_|_|_|_|_|_|\n|_|_|_|_|_|_|_|_|\n|_|_|_|_|_|_|_|_|\n|_|_|_|_|_|_|_|_|\n|_|_|_|_|_|_|_|_|&quot;&#10;     but: was &quot;_|_|_|_|_|_|_|_\n_|_|_|_|_|_|_|_\n_|_|_|_|_|_|_|_\n_|_|_|_|_|_|_|_\n_|_|_|_|_|_|_|_\n_|_|_|_|_|_|_|_\n_|_|_|_|_|_|_|_\n_|_|_|_|_|_|_|_&quot;" type="java.lang.AssertionError">java.lang.AssertionError: 
Expected: is &quot;|_|_|_|_|_|_|_|_|\n|_|_|_|_|_|_|_|_|\n|_|_|_|_|_|_|_|_|\n|_|_|_|_|_|_|_|_|\n|_|_|_|_|_|_|_|_|\n|_|_|_|_|_|_|_|_|\n|_|_|_|_|_|_|_|_|\n|_|_|_|_|_|_|_|_|&quot;
     but: was &quot;_|_|_|_|_|_|_|_\n_|_|_|_|_|_|_|_\n_|_|_|_|_|_|_|_\n_|_|_|_|_|_|_|_\n_|_|_|_|_|_|_|_\n_|_|_|_|_|_|_|_\n_|_|_|_|_|_|_|_\n_|_|_|_|_|_|_|_&quot;
	at org.hamcrest.MatcherAssert.assertThat(MatcherAssert.java:20)
	at org.junit.Assert.assertThat(Assert.java:956)
	at org.junit.Assert.assertThat(Assert.java:923)
	at GameTest.isSizeEightBoardEmpty(GameTest.java:59)
	at java.base/jdk.internal.reflect.NativeMethodAccessorImpl.invoke0(Native Method)
	at java.base/jdk.internal.reflect.NativeMethodAccessorImpl.invoke(NativeMethodAccessorImpl.java:62)
	at java.base/jdk.internal.reflect.DelegatingMethodAccessorImpl.invoke(DelegatingMethodAccessorImpl.java:43)
	at java.base/java.lang.reflect.Method.invoke(Method.java:566)
	at org.junit.runners.model.FrameworkMethod$1.runReflectiveCall(FrameworkMethod.java:50)
	at org.junit.internal.runners.model.ReflectiveCallable.run(ReflectiveCallable.java:12)
	at org.junit.runners.model.FrameworkMethod.invokeExplosively(FrameworkMethod.java:47)
	at org.junit.internal.runners.statements.InvokeMethod.evaluate(InvokeMethod.java:17)
	at org.junit.internal.runners.statements.RunBefores.evaluate(RunBefores.java:26)
	at org.junit.runners.ParentRunner.runLeaf(ParentRunner.java:325)
	at org.junit.runners.BlockJUnit4ClassRunner.runChild(BlockJUnit4ClassRunner.java:78)
	at org.junit.runners.BlockJUnit4ClassRunner.runChild(BlockJUnit4ClassRunner.java:57)
	at org.junit.runners.ParentRunner$3.run(ParentRunner.java:290)
	at org.junit.runners.ParentRunner$1.schedule(ParentRunner.java:71)
	at org.junit.runners.ParentRunner.runChildren(ParentRunner.java:288)
	at org.junit.runners.ParentRunner.access$000(ParentRunner.java:58)
	at org.junit.runners.ParentRunner$2.evaluate(ParentRunner.java:268)
	at org.junit.runners.ParentRunner.run(ParentRunner.java:363)
	at org.gradle.api.internal.tasks.testing.junit.JUnitTestClassExecutor.runTestClass(JUnitTestClassExecutor.java:110)
	at org.gradle.api.internal.tasks.testing.junit.JUnitTestClassExecutor.execute(JUnitTestClassExecutor.java:58)
	at org.gradle.api.internal.tasks.testing.junit.JUnitTestClassExecutor.execute(JUnitTestClassExecutor.java:38)
	at org.gradle.api.internal.tasks.testing.junit.AbstractJUnitTestClassProcessor.processTestClass(AbstractJUnitTestClassProcessor.java:62)
	at org.gradle.api.internal.tasks.testing.SuiteTestClassProcessor.processTestClass(SuiteTestClassProcessor.java:51)
	at java.base/jdk.internal.reflect.NativeMethodAccessorImpl.invoke0(Native Method)
	at java.base/jdk.internal.reflect.NativeMethodAccessorImpl.invoke(NativeMethodAccessorImpl.java:62)
	at java.base/jdk.internal.reflect.DelegatingMethodAccessorImpl.invoke(DelegatingMethodAccessorImpl.java:43)
	at java.base/java.lang.reflect.Method.invoke(Method.java:566)
	at org.gradle.internal.dispatch.ReflectionDispatch.dispatch(ReflectionDispatch.java:35)
	at org.gradle.internal.dispatch.ReflectionDispatch.dispatch(ReflectionDispatch.java:24)
	at org.gradle.internal.dispatch.ContextClassLoaderDispatch.dispatch(ContextClassLoaderDispatch.java:32)
	at org.gradle.internal.dispatch.ProxyDispatchAdapter$DispatchingInvocationHandler.invoke(ProxyDispatchAdapter.java:93)
	at com.sun.proxy.$Proxy2.processTestClass(Unknown Source)
	at org.gradle.api.internal.tasks.testing.worker.TestWorker.processTestClass(TestWorker.java:118)
	at java.base/jdk.internal.reflect.NativeMethodAccessorImpl.invoke0(Native Method)
	at java.base/jdk.internal.reflect.NativeMethodAccessorImpl.invoke(NativeMethodAccessorImpl.java:62)
	at java.base/jdk.internal.reflect.DelegatingMethodAccessorImpl.invoke(DelegatingMethodAccessorImpl.java:43)
	at java.base/java.lang.reflect.Method.invoke(Method.java:566)
	at org.gradle.internal.dispatch.ReflectionDispatch.dispatch(ReflectionDispatch.java:35)
	at org.gradle.internal.dispatch.ReflectionDispatch.dispatch(ReflectionDispatch.java:24)
	at org.gradle.internal.remote.internal.hub.MessageHubBackedObjectConnection$DispatchWrapper.dispatch(MessageHubBackedObjectConnection.java:175)
	at org.gradle.internal.remote.internal.hub.MessageHubBackedObjectConnection$DispatchWrapper.dispatch(MessageHubBackedObjectConnection.java:157)
	at org.gradle.internal.remote.internal.hub.MessageHub$Handler.run(MessageHub.java:404)
	at org.gradle.internal.concurrent.ExecutorPolicy$CatchAndRecordFailures.onExecute(ExecutorPolicy.java:63)
	at org.gradle.internal.concurrent.ManagedExecutorImpl$1.run(ManagedExecutorImpl.java:46)
	at java.base/java.util.concurrent.ThreadPoolExecutor.runWorker(ThreadPoolExecutor.java:1128)
	at java.base/java.util.concurrent.ThreadPoolExecutor$Worker.run(ThreadPoolExecutor.java:628)
	at org.gradle.internal.concurrent.ThreadFactoryImpl$ManagedThreadRunnable.run(ThreadFactoryImpl.java:55)
	at java.base/java.lang.Thread.run(Thread.java:834)
</failure>
  </testcase>
  <testcase name="isSizeTenBoardEmpty" classname="GameTest" time="0.001">
    <failure message="java.lang.AssertionError: &#10;Expected: is &quot;|_|_|_|_|_|_|_|_|_|_|\n|_|_|_|_|_|_|_|_|_|_|\n|_|_|_|_|_|_|_|_|_|_|\n|_|_|_|_|_|_|_|_|_|_|\n|_|_|_|_|_|_|_|_|_|_|\n|_|_|_|_|_|_|_|_|_|_|\n|_|_|_|_|_|_|_|_|_|_|\n|_|_|_|_|_|_|_|_|_|_|\n|_|_|_|_|_|_|_|_|_|_|\n|_|_|_|_|_|_|_|_|_|_|&quot;&#10;     but: was &quot;_|_|_|_|_|_|_|_|_|_\n_|_|_|_|_|_|_|_|_|_\n_|_|_|_|_|_|_|_|_|_\n_|_|_|_|_|_|_|_|_|_\n_|_|_|_|_|_|_|_|_|_\n_|_|_|_|_|_|_|_|_|_\n_|_|_|_|_|_|_|_|_|_\n_|_|_|_|_|_|_|_|_|_\n_|_|_|_|_|_|_|_|_|_\n_|_|_|_|_|_|_|_|_|_&quot;" type="java.lang.AssertionError">java.lang.AssertionError: 
Expected: is &quot;|_|_|_|_|_|_|_|_|_|_|\n|_|_|_|_|_|_|_|_|_|_|\n|_|_|_|_|_|_|_|_|_|_|\n|_|_|_|_|_|_|_|_|_|_|\n|_|_|_|_|_|_|_|_|_|_|\n|_|_|_|_|_|_|_|_|_|_|\n|_|_|_|_|_|_|_|_|_|_|\n|_|_|_|_|_|_|_|_|_|_|\n|_|_|_|_|_|_|_|_|_|_|\n|_|_|_|_|_|_|_|_|_|_|&quot;
     but: was &quot;_|_|_|_|_|_|_|_|_|_\n_|_|_|_|_|_|_|_|_|_\n_|_|_|_|_|_|_|_|_|_\n_|_|_|_|_|_|_|_|_|_\n_|_|_|_|_|_|_|_|_|_\n_|_|_|_|_|_|_|_|_|_\n_|_|_|_|_|_|_|_|_|_\n_|_|_|_|_|_|_|_|_|_\n_|_|_|_|_|_|_|_|_|_\n_|_|_|_|_|_|_|_|_|_&quot;
	at org.hamcrest.MatcherAssert.assertThat(MatcherAssert.java:20)
	at org.junit.Assert.assertThat(Assert.java:956)
	at org.junit.Assert.assertThat(Assert.java:923)
	at GameTest.isSizeTenBoardEmpty(GameTest.java:53)
	at java.base/jdk.internal.reflect.NativeMethodAccessorImpl.invoke0(Native Method)
	at java.base/jdk.internal.reflect.NativeMethodAccessorImpl.invoke(NativeMethodAccessorImpl.java:62)
	at java.base/jdk.internal.reflect.DelegatingMethodAccessorImpl.invoke(DelegatingMethodAccessorImpl.java:43)
	at java.base/java.lang.reflect.Method.invoke(Method.java:566)
	at org.junit.runners.model.FrameworkMethod$1.runReflectiveCall(FrameworkMethod.java:50)
	at org.junit.internal.runners.model.ReflectiveCallable.run(ReflectiveCallable.java:12)
	at org.junit.runners.model.FrameworkMethod.invokeExplosively(FrameworkMethod.java:47)
	at org.junit.internal.runners.statements.InvokeMethod.evaluate(InvokeMethod.java:17)
	at org.junit.internal.runners.statements.RunBefores.evaluate(RunBefores.java:26)
	at org.junit.runners.ParentRunner.runLeaf(ParentRunner.java:325)
	at org.junit.runners.BlockJUnit4ClassRunner.runChild(BlockJUnit4ClassRunner.java:78)
	at org.junit.runners.BlockJUnit4ClassRunner.runChild(BlockJUnit4ClassRunner.java:57)
	at org.junit.runners.ParentRunner$3.run(ParentRunner.java:290)
	at org.junit.runners.ParentRunner$1.schedule(ParentRunner.java:71)
	at org.junit.runners.ParentRunner.runChildren(ParentRunner.java:288)
	at org.junit.runners.ParentRunner.access$000(ParentRunner.java:58)
	at org.junit.runners.ParentRunner$2.evaluate(ParentRunner.java:268)
	at org.junit.runners.ParentRunner.run(ParentRunner.java:363)
	at org.gradle.api.internal.tasks.testing.junit.JUnitTestClassExecutor.runTestClass(JUnitTestClassExecutor.java:110)
	at org.gradle.api.internal.tasks.testing.junit.JUnitTestClassExecutor.execute(JUnitTestClassExecutor.java:58)
	at org.gradle.api.internal.tasks.testing.junit.JUnitTestClassExecutor.execute(JUnitTestClassExecutor.java:38)
	at org.gradle.api.internal.tasks.testing.junit.AbstractJUnitTestClassProcessor.processTestClass(AbstractJUnitTestClassProcessor.java:62)
	at org.gradle.api.internal.tasks.testing.SuiteTestClassProcessor.processTestClass(SuiteTestClassProcessor.java:51)
	at java.base/jdk.internal.reflect.NativeMethodAccessorImpl.invoke0(Native Method)
	at java.base/jdk.internal.reflect.NativeMethodAccessorImpl.invoke(NativeMethodAccessorImpl.java:62)
	at java.base/jdk.internal.reflect.DelegatingMethodAccessorImpl.invoke(DelegatingMethodAccessorImpl.java:43)
	at java.base/java.lang.reflect.Method.invoke(Method.java:566)
	at org.gradle.internal.dispatch.ReflectionDispatch.dispatch(ReflectionDispatch.java:35)
	at org.gradle.internal.dispatch.ReflectionDispatch.dispatch(ReflectionDispatch.java:24)
	at org.gradle.internal.dispatch.ContextClassLoaderDispatch.dispatch(ContextClassLoaderDispatch.java:32)
	at org.gradle.internal.dispatch.ProxyDispatchAdapter$DispatchingInvocationHandler.invoke(ProxyDispatchAdapter.java:93)
	at com.sun.proxy.$Proxy2.processTestClass(Unknown Source)
	at org.gradle.api.internal.tasks.testing.worker.TestWorker.processTestClass(TestWorker.java:118)
	at java.base/jdk.internal.reflect.NativeMethodAccessorImpl.invoke0(Native Method)
	at java.base/jdk.internal.reflect.NativeMethodAccessorImpl.invoke(NativeMethodAccessorImpl.java:62)
	at java.base/jdk.internal.reflect.DelegatingMethodAccessorImpl.invoke(DelegatingMethodAccessorImpl.java:43)
	at java.base/java.lang.reflect.Method.invoke(Method.java:566)
	at org.gradle.internal.dispatch.ReflectionDispatch.dispatch(ReflectionDispatch.java:35)
	at org.gradle.internal.dispatch.ReflectionDispatch.dispatch(ReflectionDispatch.java:24)
	at org.gradle.internal.remote.internal.hub.MessageHubBackedObjectConnection$DispatchWrapper.dispatch(MessageHubBackedObjectConnection.java:175)
	at org.gradle.internal.remote.internal.hub.MessageHubBackedObjectConnection$DispatchWrapper.dispatch(MessageHubBackedObjectConnection.java:157)
	at org.gradle.internal.remote.internal.hub.MessageHub$Handler.run(MessageHub.java:404)
	at org.gradle.internal.concurrent.ExecutorPolicy$CatchAndRecordFailures.onExecute(ExecutorPolicy.java:63)
	at org.gradle.internal.concurrent.ManagedExecutorImpl$1.run(ManagedExecutorImpl.java:46)
	at java.base/java.util.concurrent.ThreadPoolExecutor.runWorker(ThreadPoolExecutor.java:1128)
	at java.base/java.util.concurrent.ThreadPoolExecutor$Worker.run(ThreadPoolExecutor.java:628)
	at org.gradle.internal.concurrent.ThreadFactoryImpl$ManagedThreadRunnable.run(ThreadFactoryImpl.java:55)
	at java.base/java.lang.Thread.run(Thread.java:834)
</failure>
  </testcase>
  <system-out><![CDATA[11 is out of bounds!
11 is out of bounds!
>>>>>>> new boardPrinter method
]]></system-out>
  <system-err><![CDATA[]]></system-err>
</testsuite>
